-------------------------------------------------------------------------------
Test set: vb.practice.rest.spring.boot.service.TargetServiceImplTest
-------------------------------------------------------------------------------
Tests run: 6, Failures: 1, Errors: 0, Skipped: 0, Time elapsed: 1.548 s <<< FAILURE! - in vb.practice.rest.spring.boot.service.TargetServiceImplTest
testUpdateTarget(vb.practice.rest.spring.boot.service.TargetServiceImplTest)  Time elapsed: 0.025 s  <<< FAILURE!
java.lang.AssertionError: expected:<0> but was:<1>
	at vb.practice.rest.spring.boot.service.TargetServiceImplTest.testUpdateTarget(TargetServiceImplTest.java:112)

